<?xml version="1.0" encoding="UTF-8"?>
<testng-results ignored="0" total="1" passed="1" failed="0" skipped="0">
  <reporter-output>
  </reporter-output>
  <suite started-at="2025-11-25T15:56:38 IST" name="Suite" finished-at="2025-11-25T15:56:43 IST" duration-ms="4904">
    <groups>
    </groups>
    <test started-at="2025-11-25T15:56:38 IST" name="Test" finished-at="2025-11-25T15:56:43 IST" duration-ms="4904">
      <class name="Basictest">
        <test-method signature="openGoogle()[pri:0, instance:Basictest@564fabc8]" started-at="2025-11-25T15:56:38 IST" name="openGoogle" finished-at="2025-11-25T15:56:43 IST" duration-ms="4856" status="PASS">
          <reporter-output>
          </reporter-output>
        </test-method> <!-- openGoogle -->
      </class> <!-- Basictest -->
    </test> <!-- Test -->
  </suite> <!-- Suite -->
</testng-results>
