<?xml version="1.0" encoding="UTF-8"?>
<testng-results ignored="0" total="1" passed="1" failed="0" skipped="0">
  <reporter-output>
  </reporter-output>
  <suite started-at="2025-11-25T23:52:33 IST" name="Suite" finished-at="2025-11-25T23:52:41 IST" duration-ms="7924">
    <groups>
    </groups>
    <test started-at="2025-11-25T23:52:33 IST" name="Test" finished-at="2025-11-25T23:52:41 IST" duration-ms="7924">
      <class name="com.manideep.Basictest">
        <test-method signature="openGoogle()[pri:0, instance:com.manideep.Basictest@1189dd52]" started-at="2025-11-25T23:52:33 IST" name="openGoogle" finished-at="2025-11-25T23:52:41 IST" duration-ms="7838" status="PASS">
          <reporter-output>
          </reporter-output>
        </test-method> <!-- openGoogle -->
      </class> <!-- com.manideep.Basictest -->
    </test> <!-- Test -->
  </suite> <!-- Suite -->
</testng-results>
